<?xml version='1.0' encoding='UTF-8'?>
<testsuite hostname="DESKTOP-4H4GNEL" name="HelloSpec" tests="1" errors="0" failures="0" skipped="0" time="0.013" timestamp="2020-07-06T20:21:04">
                     <properties>
[...]
</properties>
                     <testcase classname="HelloSpec" name="Hello should start with H" time="0.013">
                                                 
                                               </testcase>
                     <system-out><![CDATA[]]></system-out>
                     <system-err><![CDATA[]]></system-err>
                   </testsuite>